RadioApplication/radio/build/outputs/apk/manifest-merger-debug-report.txt
-- Merging decision tree log ---
manifest
ADDED from AndroidManifest.xml:22:1
	package
		ADDED from AndroidManifest.xml:23:11
	xmlns:android
		ADDED from AndroidManifest.xml:22:11
uses-permission#android.permission.INTERNET
ADDED from AndroidManifest.xml:26:5
	android:name
		ADDED from AndroidManifest.xml:26:22
uses-permission#android.permission.SYSTEM_ALERT_WINDOW
ADDED from AndroidManifest.xml:29:5
	android:name
		ADDED from AndroidManifest.xml:29:22
supports-screens
ADDED from AndroidManifest.xml:37:5
	android:compatibleWidthLimitDp
		ADDED from AndroidManifest.xml:38:23
	android:requiresSmallestWidthDp
		ADDED from AndroidManifest.xml:37:23
application
ADDED from AndroidManifest.xml:40:5
MERGED from com.android.support:support-v4:21.0.3:16:5
MERGED from com.android.support:support-v13:21.0.3:16:5
MERGED from com.android.support:support-v4:21.0.3:16:5
MERGED from com.android.support:cardview-v7:21.0.3:16:5
MERGED from com.android.support:appcompat-v7:20.0.0:17:5
MERGED from com.android.support:support-v4:21.0.3:16:5
MERGED from com.android.support:mediarouter-v7:20.0.0:17:5
MERGED from com.android.support:appcompat-v7:20.0.0:17:5
MERGED from com.android.support:support-v4:21.0.3:16:5
	android:label
		ADDED from AndroidManifest.xml:40:18
	android:hardwareAccelerated
		ADDED from AndroidManifest.xml:42:18
	android:icon
		ADDED from AndroidManifest.xml:41:18
receiver#com.example.android.mediarouter.player.SampleMediaButtonReceiver
ADDED from AndroidManifest.xml:44:9
	android:name
		ADDED from AndroidManifest.xml:44:19
intent-filter#android.intent.action.MEDIA_BUTTON
ADDED from AndroidManifest.xml:45:13
action#android.intent.action.MEDIA_BUTTON
ADDED from AndroidManifest.xml:46:17
	android:name
		ADDED from AndroidManifest.xml:46:25
receiver#com.example.android.mediarouter.player.SampleRadioButtonReceiver
ADDED from AndroidManifest.xml:50:9
	android:name
		ADDED from AndroidManifest.xml:50:19
activity#com.example.android.mediarouter.player.MainActivity
ADDED from AndroidManifest.xml:58:9
	android:label
		ADDED from AndroidManifest.xml:59:19
	android:theme
		ADDED from AndroidManifest.xml:60:19
	android:name
		ADDED from AndroidManifest.xml:58:19
intent-filter#android.intent.action.MAIN+android.intent.category.DEFAULT+android.intent.category.LAUNCHER
ADDED from AndroidManifest.xml:61:13
action#android.intent.action.MAIN
ADDED from AndroidManifest.xml:62:17
	android:name
		ADDED from AndroidManifest.xml:62:25
category#android.intent.category.DEFAULT
ADDED from AndroidManifest.xml:63:17
	android:name
		ADDED from AndroidManifest.xml:63:27
category#android.intent.category.LAUNCHER
ADDED from AndroidManifest.xml:64:17
	android:name
		ADDED from AndroidManifest.xml:64:27
intent-filter#android.intent.action.MAIN+com.example.android.supportv7.SAMPLE_CODE
ADDED from AndroidManifest.xml:66:13
category#com.example.android.supportv7.SAMPLE_CODE
ADDED from AndroidManifest.xml:68:17
	android:name
		ADDED from AndroidManifest.xml:68:27
activity#com.example.android.mediarouter.player.RadioActivity
ADDED from AndroidManifest.xml:72:9
	android:label
		ADDED from AndroidManifest.xml:73:13
	android:theme
		ADDED from AndroidManifest.xml:74:13
	android:name
		ADDED from AndroidManifest.xml:72:19
service#com.example.android.mediarouter.provider.SampleMediaRouteProviderService
ADDED from AndroidManifest.xml:86:9
	android:process
		ADDED from AndroidManifest.xml:88:18
	android:label
		ADDED from AndroidManifest.xml:87:18
	android:name
		ADDED from AndroidManifest.xml:86:18
intent-filter#android.media.MediaRouteProviderService
ADDED from AndroidManifest.xml:89:13
action#android.media.MediaRouteProviderService
ADDED from AndroidManifest.xml:90:17
	android:name
		ADDED from AndroidManifest.xml:90:25
uses-sdk
INJECTED from AndroidManifest.xml:0:0 reason: use-sdk injection requested
MERGED from com.android.support:support-v4:21.0.3:15:5
MERGED from com.android.support:support-v13:21.0.3:15:5
MERGED from com.android.support:support-v4:21.0.3:15:5
MERGED from com.android.support:cardview-v7:21.0.3:15:5
MERGED from com.android.support:appcompat-v7:20.0.0:16:5
MERGED from com.android.support:support-v4:21.0.3:15:5
MERGED from com.android.support:mediarouter-v7:20.0.0:16:5
MERGED from com.android.support:appcompat-v7:20.0.0:16:5
MERGED from com.android.support:support-v4:21.0.3:15:5
	android:targetSdkVersion
		INJECTED from AndroidManifest.xml:0:0
		INJECTED from AndroidManifest.xml:0:0
	android:minSdkVersion
		INJECTED from AndroidManifest.xml:0:0
		INJECTED from AndroidManifest.xml:0:0